6:00:32.085 INFO  com.example.demo.DemoApplication - Starting DemoApplication using Java 11.0.19 on DESKTOP-AUA682K with PID 1852 (C:\Users\shgud\Desktop\edu_score_api\edu_score\build\classes\java\main started by shgud in C:\Users\shgud\Desktop\edu_score_api\edu_score)
16:00:32.088 INFO  com.example.demo.DemoApplication - The following 2 profiles are active: "data", "log"
16:00:32.897 INFO  o.s.b.w.e.tomcat.TomcatWebServer - Tomcat initialized with port(s): 8203 (http)
16:00:32.903 INFO  o.a.catalina.core.StandardService - Starting service [Tomcat]
16:00:32.904 INFO  o.a.catalina.core.StandardEngine - Starting Servlet engine: [Apache Tomcat/9.0.80]
16:00:32.971 INFO  o.a.c.c.C.[Tomcat].[localhost].[/] - Initializing Spring embedded WebApplicationContext
16:00:32.975 INFO  o.s.b.w.s.c.ServletWebServerApplicationContext - Root WebApplicationContext: initialization completed in 852 ms
16:00:33.373 INFO  o.s.b.w.e.tomcat.TomcatWebServer - Tomcat started on port(s): 8203 (http) with context path ''
16:00:33.382 INFO  com.example.demo.DemoApplication - Started DemoApplication in 1.64 seconds (JVM running for 2.634)
16:02:32.033 INFO  com.example.demo.DemoApplication - Starting DemoApplication using Java 11.0.19 on DESKTOP-AUA682K with PID 32952 (C:\Users\shgud\Desktop\edu_score_api\edu_score\build\classes\java\main started by shgud in C:\Users\shgud\Desktop\edu_score_api\edu_score)
16:02:32.035 INFO  com.example.demo.DemoApplication - The following 2 profiles are active: "data", "log"
16:02:32.782 INFO  o.s.b.w.e.tomcat.TomcatWebServer - Tomcat initialized with port(s): 8203 (http)
16:02:32.790 INFO  o.a.catalina.core.StandardService - Starting service [Tomcat]
16:02:32.790 INFO  o.a.catalina.core.StandardEngine - Starting Servlet engine: [Apache Tomcat/9.0.80]
16:02:32.861 INFO  o.a.c.c.C.[Tomcat].[localhost].[/] - Initializing Spring embedded WebApplicationContext
16:02:32.861 INFO  o.s.b.w.s.c.ServletWebServerApplicationContext - Root WebApplicationContext: initialization completed in 792 ms
16:02:33.261 INFO  o.s.b.w.e.tomcat.TomcatWebServer - Tomcat started on port(s): 8203 (http) with context path ''
16:02:33.269 INFO  com.example.demo.DemoApplication - Started DemoApplication in 1.594 seconds (JVM running for 2.61)
2023-11-13 16:06:16.969  INFO 31268 --- [main] com.example.demo.DemoApplication         : Starting DemoApplication using Java 11.0.19 on DESKTOP-AUA682K with PID 31268 (C:\Users\shgud\Desktop\edu_score_api\edu_score\build\classes\java\main started by shgud in C:\Users\shgud\Desktop\edu_score_api\edu_score)
2023-11-13 16:06:16.972  INFO 31268 --- [main] com.example.demo.DemoApplication         : The following 2 profiles are active: "data", "log"
2023-11-13 16:06:17.805  INFO 31268 --- [main] o.s.b.w.embedded.tomcat.TomcatWebServer  : Tomcat initialized with port(s): 8203 (http)
2023-11-13 16:06:17.813  INFO 31268 --- [main] o.apache.catalina.core.StandardService   : Starting service [Tomcat]
2023-11-13 16:06:17.813  INFO 31268 --- [main] org.apache.catalina.core.StandardEngine  : Starting Servlet engine: [Apache Tomcat/9.0.80]
2023-11-13 16:06:17.891  INFO 31268 --- [main] o.a.c.c.C.[Tomcat].[localhost].[/]       : Initializing Spring embedded WebApplicationContext
2023-11-13 16:06:17.891  INFO 31268 --- [main] w.s.c.ServletWebServerApplicationContext : Root WebApplicationContext: initialization completed in 882 ms
2023-11-13 16:06:18.338  INFO 31268 --- [main] o.s.b.w.embedded.tomcat.TomcatWebServer  : Tomcat started on port(s): 8203 (http) with context path ''
2023-11-13 16:06:18.347  INFO 31268 --- [main] com.example.demo.DemoApplication         : Started DemoApplication in 1.77 seconds (JVM running for 2.965)
